Using pre-set license
Built from '2022.3/release' branch; Version is '2022.3.20f1 (61c2feb0970d) revision 6406910'; Using compiler version '192829333'; Build Type 'Release'
OS: 'Windows 11  (10.0.22631) 64bit Professional' Language: 'en' Physical Memory: 16215 MB
BatchMode: 1, IsHumanControllingUs: 0, StartBugReporterOnCrash: 0, Is64bit: 1, IsPro: 1

COMMAND LINE ARGUMENTS:
C:\Program Files\Unity\Hub\Editor\2022.3.20f1\Editor\Unity.exe
-adb2
-batchMode
-noUpm
-name
AssetImportWorker5
-projectPath
E:/Unity projects/Thaka task
-logFile
Logs/AssetImportWorker5.log
-srvPort
65273
Successfully changed project path to: E:/Unity projects/Thaka task
E:/Unity projects/Thaka task
[UnityMemory] Configuration Parameters - Can be set up in boot.config
    "memorysetup-bucket-allocator-granularity=16"
    "memorysetup-bucket-allocator-bucket-count=8"
    "memorysetup-bucket-allocator-block-size=33554432"
    "memorysetup-bucket-allocator-block-count=8"
    "memorysetup-main-allocator-block-size=16777216"
    "memorysetup-thread-allocator-block-size=16777216"
    "memorysetup-gfx-main-allocator-block-size=16777216"
    "memorysetup-gfx-thread-allocator-block-size=16777216"
    "memorysetup-cache-allocator-block-size=4194304"
    "memorysetup-typetree-allocator-block-size=2097152"
    "memorysetup-profiler-bucket-allocator-granularity=16"
    "memorysetup-profiler-bucket-allocator-bucket-count=8"
    "memorysetup-profiler-bucket-allocator-block-size=33554432"
    "memorysetup-profiler-bucket-allocator-block-count=8"
    "memorysetup-profiler-allocator-block-size=16777216"
    "memorysetup-profiler-editor-allocator-block-size=1048576"
    "memorysetup-temp-allocator-size-main=16777216"
    "memorysetup-job-temp-allocator-block-size=2097152"
    "memorysetup-job-temp-allocator-block-size-background=1048576"
    "memorysetup-job-temp-allocator-reduction-small-platforms=262144"
    "memorysetup-allocator-temp-initial-block-size-main=262144"
    "memorysetup-allocator-temp-initial-block-size-worker=262144"
    "memorysetup-temp-allocator-size-background-worker=32768"
    "memorysetup-temp-allocator-size-job-worker=262144"
    "memorysetup-temp-allocator-size-preload-manager=33554432"
    "memorysetup-temp-allocator-size-nav-mesh-worker=65536"
    "memorysetup-temp-allocator-size-audio-worker=65536"
    "memorysetup-temp-allocator-size-cloud-worker=32768"
    "memorysetup-temp-allocator-size-gi-baking-worker=262144"
    "memorysetup-temp-allocator-size-gfx=262144"
Player connection [31544] Host "[IP] 192.168.1.3 [Port] 0 [Flags] 2 [Guid] 1153763783 [EditorId] 1153763783 [Version] 1048832 [Id] WindowsEditor(7,DESKTOP-80QT95Q) [Debug] 1 [PackageName] WindowsEditor [ProjectName] Editor" joined multi-casting on [225.0.0.222:54997]...

Player connection [31544] Host "[IP] 192.168.1.3 [Port] 0 [Flags] 2 [Guid] 1153763783 [EditorId] 1153763783 [Version] 1048832 [Id] WindowsEditor(7,DESKTOP-80QT95Q) [Debug] 1 [PackageName] WindowsEditor [ProjectName] Editor" joined alternative multi-casting on [225.0.0.222:34997]...

[Physics::Module] Initialized MultithreadedJobDispatcher with 11 workers.
Refreshing native plugins compatible for Editor in 75.10 ms, found 3 plugins.
Preloading 0 native plugins for Editor in 0.00 ms.
Initialize engine version: 2022.3.20f1 (61c2feb0970d)
[Subsystems] Discovering subsystems at path C:/Program Files/Unity/Hub/Editor/2022.3.20f1/Editor/Data/Resources/UnitySubsystems
[Subsystems] Discovering subsystems at path E:/Unity projects/Thaka task/Assets
GfxDevice: creating device client; threaded=0; jobified=0
Direct3D:
    Version:  Direct3D 11.0 [level 11.1]
    Renderer: NVIDIA GeForce GTX 1660 Ti (ID=0x2191)
    Vendor:   NVIDIA
    VRAM:     5979 MB
    Driver:   31.0.15.3734
Initialize mono
Mono path[0] = 'C:/Program Files/Unity/Hub/Editor/2022.3.20f1/Editor/Data/Managed'
Mono path[1] = 'C:/Program Files/Unity/Hub/Editor/2022.3.20f1/Editor/Data/MonoBleedingEdge/lib/mono/unityjit-win32'
Mono config path = 'C:/Program Files/Unity/Hub/Editor/2022.3.20f1/Editor/Data/MonoBleedingEdge/etc'
Using monoOptions --debugger-agent=transport=dt_socket,embedding=1,server=y,suspend=n,address=127.0.0.1:56848
Begin MonoManager ReloadAssembly
Registering precompiled unity dll's ...
Register platform support module: C:/Program Files/Unity/Hub/Editor/2022.3.20f1/Editor/Data/PlaybackEngines/AndroidPlayer/UnityEditor.Android.Extensions.dll
Register platform support module: C:/Program Files/Unity/Hub/Editor/2022.3.20f1/Editor/Data/PlaybackEngines/WindowsStandaloneSupport/UnityEditor.WindowsStandalone.Extensions.dll
Registered in 0.005217 seconds.
- Loaded All Assemblies, in  0.711 seconds
Native extension for WindowsStandalone target not found
Native extension for Android target not found
Android Extension - Scanning For ADB Devices 307 ms
Mono: successfully reloaded assembly
- Finished resetting the current domain, in  0.636 seconds
Domain Reload Profiling: 1346ms
	BeginReloadAssembly (151ms)
		ExecutionOrderSort (0ms)
		DisableScriptedObjects (0ms)
		BackupInstance (0ms)
		ReleaseScriptingObjects (0ms)
		CreateAndSetChildDomain (1ms)
	RebuildCommonClasses (182ms)
	RebuildNativeTypeToScriptingClass (10ms)
	initialDomainReloadingComplete (49ms)
	LoadAllAssembliesAndSetupDomain (318ms)
		LoadAssemblies (148ms)
		RebuildTransferFunctionScriptingTraits (0ms)
		AnalyzeDomain (316ms)
			TypeCache.Refresh (315ms)
				TypeCache.ScanAssembly (302ms)
			ScanForSourceGeneratedMonoScriptInfo (0ms)
			ResolveRequiredComponents (1ms)
	FinalizeReload (636ms)
		ReleaseScriptCaches (0ms)
		RebuildScriptCaches (0ms)
		SetupLoadedEditorAssemblies (581ms)
			LogAssemblyErrors (0ms)
			InitializePlatformSupportModulesInManaged (416ms)
			SetLoadedEditorAssemblies (4ms)
			RefreshPlugins (0ms)
			BeforeProcessingInitializeOnLoad (2ms)
			ProcessInitializeOnLoadAttributes (110ms)
			ProcessInitializeOnLoadMethodAttributes (50ms)
			AfterProcessingInitializeOnLoad (0ms)
			EditorAssembliesLoaded (0ms)
		ExecutionOrderSort2 (0ms)
		AwakeInstancesAfterBackupRestoration (0ms)
========================================================================
Worker process is ready to serve import requests
Begin MonoManager ReloadAssembly
- Loaded All Assemblies, in  0.775 seconds
Refreshing native plugins compatible for Editor in 2.70 ms, found 3 plugins.
Native extension for WindowsStandalone target not found
Native extension for Android target not found
Package Manager log level set to [2]
[Package Manager] Server::EnsureServerProcessIsRunning -- launch failed, reason: Unity was launched with the -noUpm command-line argument
[Package Manager] UpmClient::Send -- Unable to send message (not connected to UPM process).
[Package Manager] Cannot connect to Unity Package Manager local server
Mono: successfully reloaded assembly
- Finished resetting the current domain, in  0.629 seconds
Domain Reload Profiling: 1403ms
	BeginReloadAssembly (133ms)
		ExecutionOrderSort (0ms)
		DisableScriptedObjects (5ms)
		BackupInstance (0ms)
		ReleaseScriptingObjects (0ms)
		CreateAndSetChildDomain (18ms)
	RebuildCommonClasses (31ms)
	RebuildNativeTypeToScriptingClass (11ms)
	initialDomainReloadingComplete (35ms)
	LoadAllAssembliesAndSetupDomain (565ms)
		LoadAssemblies (239ms)
		RebuildTransferFunctionScriptingTraits (0ms)
		AnalyzeDomain (401ms)
			TypeCache.Refresh (367ms)
				TypeCache.ScanAssembly (281ms)
			ScanForSourceGeneratedMonoScriptInfo (25ms)
			ResolveRequiredComponents (7ms)
	FinalizeReload (629ms)
		ReleaseScriptCaches (0ms)
		RebuildScriptCaches (0ms)
		SetupLoadedEditorAssemblies (413ms)
			LogAssemblyErrors (0ms)
			InitializePlatformSupportModulesInManaged (28ms)
			SetLoadedEditorAssemblies (6ms)
			RefreshPlugins (0ms)
			BeforeProcessingInitializeOnLoad (65ms)
			ProcessInitializeOnLoadAttributes (291ms)
			ProcessInitializeOnLoadMethodAttributes (19ms)
			AfterProcessingInitializeOnLoad (4ms)
			EditorAssembliesLoaded (0ms)
		ExecutionOrderSort2 (0ms)
		AwakeInstancesAfterBackupRestoration (5ms)
Launched and connected shader compiler UnityShaderCompiler.exe after 0.05 seconds
Refreshing native plugins compatible for Editor in 1.54 ms, found 3 plugins.
Preloading 0 native plugins for Editor in 0.00 ms.
Unloading 3156 Unused Serialized files (Serialized files now loaded: 0)
Unloading 30 unused Assets / (57.2 KB). Loaded Objects now: 3621.
Memory consumption went from 133.0 MB to 132.9 MB.
Total: 3.206900 ms (FindLiveObjects: 0.425400 ms CreateObjectMapping: 0.261800 ms MarkObjects: 2.412800 ms  DeleteObjects: 0.105700 ms)

AssetImportParameters requested are different than current active one (requested -> active):
  custom:container-demuxer-ogg: 62fdf1f143b41e24485cea50d1cbac27 -> 
  custom:video-decoder-ogg-theora: a1e56fd34408186e4bbccfd4996cb3dc -> 
  custom:framework-win-MediaFoundation: 216162199b28c13a410421893ffa2e32 -> 
  custom:CustomObjectIndexerAttribute: 6d391050e5a25f67b0a2c618074f2cd9 -> 
  custom:container-demuxer-webm: 4f35f7cbe854078d1ac9338744f61a02 -> 
  custom:container-muxer-webm: aa71ff27fc2769a1b78a27578f13a17b -> 
  custom:video-decoder-webm-vp8: 9c59270c3fd7afecdb556c50c9e8de78 -> 
  custom:SearchIndexIgnoredProperties: e643bd26f0fe6173181afceb89e7c659 -> 
  custom:AudioImporter_EditorPlatform: d09bf68614088b80899f8185d706f6e7 -> 
  custom:video-encoder-webm-vp8: eb34c28f22e8b96e1ab97ce403110664 -> 
  custom:audio-decoder-ogg-vorbis: bf7c407c2cedff20999df2af8eb42d56 -> 
  custom:audio-encoder-webm-vorbis: bf7c407c2cedff20999df2af8eb42d56 -> 
========================================================================
Received Import Request.
  Time since last request: 115519.111780 seconds.
  path: Assets/Saurabh Studio/Awesome Game UI and Icon pack 17/Spin wheel/2/Inner.png
  artifactKey: Guid(fa2cb043e3c659e489d2ad2e43b82784) Importer(815301076,1909f56bfc062723c751e8b465ee728b)
Start importing Assets/Saurabh Studio/Awesome Game UI and Icon pack 17/Spin wheel/2/Inner.png using Guid(fa2cb043e3c659e489d2ad2e43b82784) Importer(815301076,1909f56bfc062723c751e8b465ee728b)  -> (artifact id: '35079df73dee58389f509ef6db74afbf') in 0.096520 seconds
Number of updated asset objects reloaded before import = 0
Number of asset objects unloaded after import = 3
========================================================================
Received Import Request.
  Time since last request: 0.000025 seconds.
  path: Assets/Saurabh Studio/Awesome Game UI and Icon pack 17/Buttons/Button 4/Gift.png
  artifactKey: Guid(38180eef52f239b438b11b4e5b624369) Importer(815301076,1909f56bfc062723c751e8b465ee728b)
Start importing Assets/Saurabh Studio/Awesome Game UI and Icon pack 17/Buttons/Button 4/Gift.png using Guid(38180eef52f239b438b11b4e5b624369) Importer(815301076,1909f56bfc062723c751e8b465ee728b)  -> (artifact id: '26277ddee12ad889f57bcccdadb8f2f6') in 0.019135 seconds
Number of updated asset objects reloaded before import = 0
Number of asset objects unloaded after import = 3
========================================================================
Received Import Request.
  Time since last request: 0.000048 seconds.
  path: Assets/Saurabh Studio/Awesome Game UI and Icon pack 17/Props/Green.png
  artifactKey: Guid(52dc5b1931b2b0b4bbfacbb963cd2282) Importer(815301076,1909f56bfc062723c751e8b465ee728b)
Start importing Assets/Saurabh Studio/Awesome Game UI and Icon pack 17/Props/Green.png using Guid(52dc5b1931b2b0b4bbfacbb963cd2282) Importer(815301076,1909f56bfc062723c751e8b465ee728b)  -> (artifact id: 'b8077eea04821aa4be5551835abea725') in 0.018981 seconds
Number of updated asset objects reloaded before import = 0
Number of asset objects unloaded after import = 3
========================================================================
Received Import Request.
  Time since last request: 0.000020 seconds.
  path: Assets/Saurabh Studio/Awesome Game UI and Icon pack 17/Buttons/Button 4/Heart.png
  artifactKey: Guid(7941e3233e5c40743b5fd9dcecbe6b23) Importer(815301076,1909f56bfc062723c751e8b465ee728b)
Start importing Assets/Saurabh Studio/Awesome Game UI and Icon pack 17/Buttons/Button 4/Heart.png using Guid(7941e3233e5c40743b5fd9dcecbe6b23) Importer(815301076,1909f56bfc062723c751e8b465ee728b)  -> (artifact id: '11dc31757ea5cf35ddaae74af61c9cc1') in 0.019079 seconds
Number of updated asset objects reloaded before import = 0
Number of asset objects unloaded after import = 3
========================================================================
Received Import Request.
  Time since last request: 0.000033 seconds.
  path: Assets/Saurabh Studio/Awesome Game UI and Icon pack 17/Props/Heart-2.png
  artifactKey: Guid(8034e131aeaa5db4ca28327fb7be5f47) Importer(815301076,1909f56bfc062723c751e8b465ee728b)
Start importing Assets/Saurabh Studio/Awesome Game UI and Icon pack 17/Props/Heart-2.png using Guid(8034e131aeaa5db4ca28327fb7be5f47) Importer(815301076,1909f56bfc062723c751e8b465ee728b)  -> (artifact id: '2440e50e5999b1e938ad832589160045') in 0.020227 seconds
Number of updated asset objects reloaded before import = 0
Number of asset objects unloaded after import = 3
========================================================================
Received Import Request.
  Time since last request: 0.000019 seconds.
  path: Assets/Saurabh Studio/Awesome Game UI and Icon pack 17/Buttons/Button 5/Hint.png
  artifactKey: Guid(9fc88239e6bef874fbf0e68b9f5ffdc4) Importer(815301076,1909f56bfc062723c751e8b465ee728b)
Start importing Assets/Saurabh Studio/Awesome Game UI and Icon pack 17/Buttons/Button 5/Hint.png using Guid(9fc88239e6bef874fbf0e68b9f5ffdc4) Importer(815301076,1909f56bfc062723c751e8b465ee728b)  -> (artifact id: '09203058371009eb2d99945b08b0f24d') in 0.018264 seconds
Number of updated asset objects reloaded before import = 0
Number of asset objects unloaded after import = 3
========================================================================
Received Import Request.
  Time since last request: 0.023529 seconds.
  path: Assets/Saurabh Studio/Awesome Game UI and Icon pack 17/Buttons/Button 2/Error.png
  artifactKey: Guid(360ae8b001ed49540844e9d8ad8fe376) Importer(815301076,1909f56bfc062723c751e8b465ee728b)
Start importing Assets/Saurabh Studio/Awesome Game UI and Icon pack 17/Buttons/Button 2/Error.png using Guid(360ae8b001ed49540844e9d8ad8fe376) Importer(815301076,1909f56bfc062723c751e8b465ee728b)  -> (artifact id: '2637277f32f031b25d2b14c84111e384') in 0.018507 seconds
Number of updated asset objects reloaded before import = 0
Number of asset objects unloaded after import = 3
========================================================================
Received Import Request.
  Time since last request: 0.003284 seconds.
  path: Assets/Saurabh Studio/Awesome Game UI and Icon pack 17/Buttons/Button 4/Error.png
  artifactKey: Guid(c82f29f27503734408540c52f434c1f6) Importer(815301076,1909f56bfc062723c751e8b465ee728b)
Start importing Assets/Saurabh Studio/Awesome Game UI and Icon pack 17/Buttons/Button 4/Error.png using Guid(c82f29f27503734408540c52f434c1f6) Importer(815301076,1909f56bfc062723c751e8b465ee728b)  -> (artifact id: '4487d048f9f8ee7cdded58a5af9db317') in 0.017859 seconds
Number of updated asset objects reloaded before import = 0
Number of asset objects unloaded after import = 3
========================================================================
Received Import Request.
  Time since last request: 0.000494 seconds.
  path: Assets/Saurabh Studio/Awesome Game UI and Icon pack 17/Buttons/Button 1/Forback.png
  artifactKey: Guid(ad0195cf1162d5843a08a85728018c9e) Importer(815301076,1909f56bfc062723c751e8b465ee728b)
Start importing Assets/Saurabh Studio/Awesome Game UI and Icon pack 17/Buttons/Button 1/Forback.png using Guid(ad0195cf1162d5843a08a85728018c9e) Importer(815301076,1909f56bfc062723c751e8b465ee728b)  -> (artifact id: '02710821f709468a08f9b161eccde2fe') in 0.018676 seconds
Number of updated asset objects reloaded before import = 0
Number of asset objects unloaded after import = 3
========================================================================
Received Import Request.
  Time since last request: 0.000015 seconds.
  path: Assets/Saurabh Studio/Awesome Game UI and Icon pack 17/Buttons/Button 2/Forback.png
  artifactKey: Guid(5ccb77e5f87390b44a2dc0bf22ad05cd) Importer(815301076,1909f56bfc062723c751e8b465ee728b)
Start importing Assets/Saurabh Studio/Awesome Game UI and Icon pack 17/Buttons/Button 2/Forback.png using Guid(5ccb77e5f87390b44a2dc0bf22ad05cd) Importer(815301076,1909f56bfc062723c751e8b465ee728b)  -> (artifact id: '018883a232dae5c6e73f121bbc1e02ed') in 0.020056 seconds
Number of updated asset objects reloaded before import = 0
Number of asset objects unloaded after import = 3
========================================================================
Received Import Request.
  Time since last request: 0.003314 seconds.
  path: Assets/Saurabh Studio/Awesome Game UI and Icon pack 17/Buttons/Button 3/Forward.png
  artifactKey: Guid(3321730739ad1bc4ca1d32f6fd4e7667) Importer(815301076,1909f56bfc062723c751e8b465ee728b)
Start importing Assets/Saurabh Studio/Awesome Game UI and Icon pack 17/Buttons/Button 3/Forward.png using Guid(3321730739ad1bc4ca1d32f6fd4e7667) Importer(815301076,1909f56bfc062723c751e8b465ee728b)  -> (artifact id: '935f8c52eaf93f37c0157898f4cf0ee1') in 0.017358 seconds
Number of updated asset objects reloaded before import = 0
Number of asset objects unloaded after import = 3
========================================================================
Received Import Request.
  Time since last request: 0.005011 seconds.
  path: Assets/Saurabh Studio/Awesome Game UI and Icon pack 17/Buttons/Button 1/Forward.png
  artifactKey: Guid(c370089a244384b43858a14ea1aed23a) Importer(815301076,1909f56bfc062723c751e8b465ee728b)
Start importing Assets/Saurabh Studio/Awesome Game UI and Icon pack 17/Buttons/Button 1/Forward.png using Guid(c370089a244384b43858a14ea1aed23a) Importer(815301076,1909f56bfc062723c751e8b465ee728b)  -> (artifact id: 'c953b523f3e9f958dd4e592c88c7e542') in 0.021409 seconds
Number of updated asset objects reloaded before import = 0
Number of asset objects unloaded after import = 3
========================================================================
Received Import Request.
  Time since last request: 0.676654 seconds.
  path: Assets/Saurabh Studio/Awesome Game UI and Icon pack 17/Buttons/Button 1/Edit.png
  artifactKey: Guid(ba6bac42f18d9334e8c871a7f492ffd6) Importer(815301076,1909f56bfc062723c751e8b465ee728b)
Start importing Assets/Saurabh Studio/Awesome Game UI and Icon pack 17/Buttons/Button 1/Edit.png using Guid(ba6bac42f18d9334e8c871a7f492ffd6) Importer(815301076,1909f56bfc062723c751e8b465ee728b)  -> (artifact id: 'bbf9c82e49ba54a06734167917812a4a') in 0.021406 seconds
Number of updated asset objects reloaded before import = 0
Number of asset objects unloaded after import = 3
========================================================================
Received Import Request.
  Time since last request: 0.081087 seconds.
  path: Assets/Saurabh Studio/Awesome Game UI and Icon pack 17/Buttons/Button 5/Download.png
  artifactKey: Guid(7d2bb8a5955543744b7974c0abc705b1) Importer(815301076,1909f56bfc062723c751e8b465ee728b)
Start importing Assets/Saurabh Studio/Awesome Game UI and Icon pack 17/Buttons/Button 5/Download.png using Guid(7d2bb8a5955543744b7974c0abc705b1) Importer(815301076,1909f56bfc062723c751e8b465ee728b)  -> (artifact id: '39df1b9116f4927342cbb61210dfc4b9') in 0.026036 seconds
Number of updated asset objects reloaded before import = 0
Number of asset objects unloaded after import = 3
========================================================================
Received Import Request.
  Time since last request: 0.018429 seconds.
  path: Assets/Saurabh Studio/Awesome Game UI and Icon pack 17/Buttons/Button 5/Down.png
  artifactKey: Guid(98c335849b19b114eac28d3d4f3420a8) Importer(815301076,1909f56bfc062723c751e8b465ee728b)
Start importing Assets/Saurabh Studio/Awesome Game UI and Icon pack 17/Buttons/Button 5/Down.png using Guid(98c335849b19b114eac28d3d4f3420a8) Importer(815301076,1909f56bfc062723c751e8b465ee728b)  -> (artifact id: '4a86bc6fde510e766041b2d8ed6d11e5') in 0.021757 seconds
Number of updated asset objects reloaded before import = 0
Number of asset objects unloaded after import = 3
========================================================================
Received Import Request.
  Time since last request: 0.030257 seconds.
  path: Assets/Saurabh Studio/Awesome Game UI and Icon pack 17/Buttons/Button 5/Dislike.png
  artifactKey: Guid(da487c4371833e34a9b55d36558019cf) Importer(815301076,1909f56bfc062723c751e8b465ee728b)
Start importing Assets/Saurabh Studio/Awesome Game UI and Icon pack 17/Buttons/Button 5/Dislike.png using Guid(da487c4371833e34a9b55d36558019cf) Importer(815301076,1909f56bfc062723c751e8b465ee728b)  -> (artifact id: '1e4b6ec2a170060513d8fa2ba0f6f2da') in 0.020571 seconds
Number of updated asset objects reloaded before import = 0
Number of asset objects unloaded after import = 3
========================================================================
Received Import Request.
  Time since last request: 0.010986 seconds.
  path: Assets/Saurabh Studio/Awesome Game UI and Icon pack 17/Buttons/Button 4/Down.png
  artifactKey: Guid(c7b08d7886b3942499d2a6f51a65d46d) Importer(815301076,1909f56bfc062723c751e8b465ee728b)
Start importing Assets/Saurabh Studio/Awesome Game UI and Icon pack 17/Buttons/Button 4/Down.png using Guid(c7b08d7886b3942499d2a6f51a65d46d) Importer(815301076,1909f56bfc062723c751e8b465ee728b)  -> (artifact id: '2ac84573ce7ba2155fa82759d1104dae') in 0.024507 seconds
Number of updated asset objects reloaded before import = 0
Number of asset objects unloaded after import = 3
========================================================================
Received Import Request.
  Time since last request: 0.033619 seconds.
  path: Assets/Saurabh Studio/Awesome Game UI and Icon pack 17/Buttons/Button 4/Chat.png
  artifactKey: Guid(dba6dd11b63a0de469cb9cbb590e5879) Importer(815301076,1909f56bfc062723c751e8b465ee728b)
Start importing Assets/Saurabh Studio/Awesome Game UI and Icon pack 17/Buttons/Button 4/Chat.png using Guid(dba6dd11b63a0de469cb9cbb590e5879) Importer(815301076,1909f56bfc062723c751e8b465ee728b)  -> (artifact id: 'cf382d8af96dce3d17d2530cf6a83a96') in 0.017322 seconds
Number of updated asset objects reloaded before import = 0
Number of asset objects unloaded after import = 3
========================================================================
Received Import Request.
  Time since last request: 0.030899 seconds.
  path: Assets/Saurabh Studio/Awesome Game UI and Icon pack 17/Props/clock-2.png
  artifactKey: Guid(09ffba110bcbdd049915e454b04b5b24) Importer(815301076,1909f56bfc062723c751e8b465ee728b)
Start importing Assets/Saurabh Studio/Awesome Game UI and Icon pack 17/Props/clock-2.png using Guid(09ffba110bcbdd049915e454b04b5b24) Importer(815301076,1909f56bfc062723c751e8b465ee728b)  -> (artifact id: 'cf46c15f9daf4b7ebdbc95d77078b09e') in 0.017720 seconds
Number of updated asset objects reloaded before import = 0
Number of asset objects unloaded after import = 3
========================================================================
Received Import Request.
  Time since last request: 0.019578 seconds.
  path: Assets/Saurabh Studio/Awesome Game UI and Icon pack 17/Props/Close.png
  artifactKey: Guid(4b76ddabb0a8ee240bccc301fc96db4c) Importer(815301076,1909f56bfc062723c751e8b465ee728b)
Start importing Assets/Saurabh Studio/Awesome Game UI and Icon pack 17/Props/Close.png using Guid(4b76ddabb0a8ee240bccc301fc96db4c) Importer(815301076,1909f56bfc062723c751e8b465ee728b)  -> (artifact id: '0f175aaef3aecb80fb9808f954e2e491') in 0.021685 seconds
Number of updated asset objects reloaded before import = 0
Number of asset objects unloaded after import = 3
========================================================================
Received Import Request.
  Time since last request: 0.017823 seconds.
  path: Assets/Saurabh Studio/Awesome Game UI and Icon pack 17/Spin wheel/4/Bg.png
  artifactKey: Guid(4ff8da22e8c9ad948b4851d43bd9ab7f) Importer(815301076,1909f56bfc062723c751e8b465ee728b)
Start importing Assets/Saurabh Studio/Awesome Game UI and Icon pack 17/Spin wheel/4/Bg.png using Guid(4ff8da22e8c9ad948b4851d43bd9ab7f) Importer(815301076,1909f56bfc062723c751e8b465ee728b)  -> (artifact id: 'cb768e799c58e071b632119dcec13344') in 0.019609 seconds
Number of updated asset objects reloaded before import = 0
Number of asset objects unloaded after import = 3
========================================================================
Received Import Request.
  Time since last request: 0.000029 seconds.
  path: Assets/Saurabh Studio/Awesome Game UI and Icon pack 17/Buttons/Button 2/Blank.png
  artifactKey: Guid(52cc4c9b7cba700469e42b226fc5ec50) Importer(815301076,1909f56bfc062723c751e8b465ee728b)
Start importing Assets/Saurabh Studio/Awesome Game UI and Icon pack 17/Buttons/Button 2/Blank.png using Guid(52cc4c9b7cba700469e42b226fc5ec50) Importer(815301076,1909f56bfc062723c751e8b465ee728b)  -> (artifact id: '2f239e02fedc9b8136d184b4774c3d0a') in 0.020889 seconds
Number of updated asset objects reloaded before import = 0
Number of asset objects unloaded after import = 3
========================================================================
Received Import Request.
  Time since last request: 0.027824 seconds.
  path: Assets/Saurabh Studio/Awesome Game UI and Icon pack 17/Ribbions/Bow.png
  artifactKey: Guid(43583fa90af8cd74aa257736a5a57f33) Importer(815301076,1909f56bfc062723c751e8b465ee728b)
Start importing Assets/Saurabh Studio/Awesome Game UI and Icon pack 17/Ribbions/Bow.png using Guid(43583fa90af8cd74aa257736a5a57f33) Importer(815301076,1909f56bfc062723c751e8b465ee728b)  -> (artifact id: '79f53415076a4b7b7a5d9916e4f632a6') in 0.020302 seconds
Number of updated asset objects reloaded before import = 0
Number of asset objects unloaded after import = 3
========================================================================
Received Import Request.
  Time since last request: 0.014738 seconds.
  path: Assets/Saurabh Studio/Awesome Game UI and Icon pack 17/Buttons/Button 2/Bullet-1.png
  artifactKey: Guid(b7211007ed40bde4a9d958815501ff79) Importer(815301076,1909f56bfc062723c751e8b465ee728b)
Start importing Assets/Saurabh Studio/Awesome Game UI and Icon pack 17/Buttons/Button 2/Bullet-1.png using Guid(b7211007ed40bde4a9d958815501ff79) Importer(815301076,1909f56bfc062723c751e8b465ee728b)  -> (artifact id: '1a979a2b5e6299ca96ad4e6057d7cf03') in 0.018795 seconds
Number of updated asset objects reloaded before import = 0
Number of asset objects unloaded after import = 3
========================================================================
Received Import Request.
  Time since last request: 1.504345 seconds.
  path: Assets/Saurabh Studio/Awesome Game UI and Icon pack 17/Spin wheel/2/Bg.png
  artifactKey: Guid(4cf613bec4002944b86e3b421b68cff6) Importer(815301076,1909f56bfc062723c751e8b465ee728b)
Start importing Assets/Saurabh Studio/Awesome Game UI and Icon pack 17/Spin wheel/2/Bg.png using Guid(4cf613bec4002944b86e3b421b68cff6) Importer(815301076,1909f56bfc062723c751e8b465ee728b)  -> (artifact id: '76bf419849943bbfc6c88425b0fd0d10') in 0.026721 seconds
Number of updated asset objects reloaded before import = 0
Number of asset objects unloaded after import = 3
========================================================================
Received Import Request.
  Time since last request: 15.802654 seconds.
  path: Assets/Saurabh Studio/Awesome Game UI and Icon pack 17/Buttons/Button 2/Backward.png
  artifactKey: Guid(5f445e303b717ed45ba4e0d4b8516113) Importer(815301076,1909f56bfc062723c751e8b465ee728b)
Start importing Assets/Saurabh Studio/Awesome Game UI and Icon pack 17/Buttons/Button 2/Backward.png using Guid(5f445e303b717ed45ba4e0d4b8516113) Importer(815301076,1909f56bfc062723c751e8b465ee728b)  -> (artifact id: '58718714087d6a6ffbbf6596e95db4cf') in 0.023042 seconds
Number of updated asset objects reloaded before import = 0
Number of asset objects unloaded after import = 3
========================================================================
Received Import Request.
  Time since last request: 0.043034 seconds.
  path: Assets/Saurabh Studio/Awesome Game UI and Icon pack 17/Buttons/Button 5/back-2.png
  artifactKey: Guid(b9fc3ab0becaeb54cb46bb1e35b34cdf) Importer(815301076,1909f56bfc062723c751e8b465ee728b)
Start importing Assets/Saurabh Studio/Awesome Game UI and Icon pack 17/Buttons/Button 5/back-2.png using Guid(b9fc3ab0becaeb54cb46bb1e35b34cdf) Importer(815301076,1909f56bfc062723c751e8b465ee728b)  -> (artifact id: '46342e6c48a20fec3986d9a027c14a3b') in 0.028062 seconds
Number of updated asset objects reloaded before import = 0
Number of asset objects unloaded after import = 3
========================================================================
Received Import Request.
  Time since last request: 0.020483 seconds.
  path: Assets/Saurabh Studio/Awesome Game UI and Icon pack 17/Buttons/Button 1/Back.png
  artifactKey: Guid(987aa5c691a9b9743a7155f53230069c) Importer(815301076,1909f56bfc062723c751e8b465ee728b)
Start importing Assets/Saurabh Studio/Awesome Game UI and Icon pack 17/Buttons/Button 1/Back.png using Guid(987aa5c691a9b9743a7155f53230069c) Importer(815301076,1909f56bfc062723c751e8b465ee728b)  -> (artifact id: 'e33a3acbfe0a46a769fcdb33e3ff4c69') in 0.024658 seconds
Number of updated asset objects reloaded before import = 0
Number of asset objects unloaded after import = 3
========================================================================
Received Import Request.
  Time since last request: 0.004967 seconds.
  path: Assets/Saurabh Studio/Awesome Game UI and Icon pack 17/Buttons/Button 1/back-1.png
  artifactKey: Guid(d85eb226f004c7f498596af1457add2f) Importer(815301076,1909f56bfc062723c751e8b465ee728b)
Start importing Assets/Saurabh Studio/Awesome Game UI and Icon pack 17/Buttons/Button 1/back-1.png using Guid(d85eb226f004c7f498596af1457add2f) Importer(815301076,1909f56bfc062723c751e8b465ee728b)  -> (artifact id: 'c92809b86c740b7112bf8573a59852ca') in 0.024226 seconds
Number of updated asset objects reloaded before import = 0
Number of asset objects unloaded after import = 3
========================================================================
Received Import Request.
  Time since last request: 0.566770 seconds.
  path: Assets/Saurabh Studio/Awesome Game UI and Icon pack 17/Buttons/Button 2/Add-people.png
  artifactKey: Guid(d94e1375ac274cb4aa5b2f4a220c023c) Importer(815301076,1909f56bfc062723c751e8b465ee728b)
Start importing Assets/Saurabh Studio/Awesome Game UI and Icon pack 17/Buttons/Button 2/Add-people.png using Guid(d94e1375ac274cb4aa5b2f4a220c023c) Importer(815301076,1909f56bfc062723c751e8b465ee728b)  -> (artifact id: '6013ab10da3bc2544348ae552f54a763') in 0.020018 seconds
Number of updated asset objects reloaded before import = 0
Number of asset objects unloaded after import = 3
========================================================================
Received Import Request.
  Time since last request: 0.068683 seconds.
  path: Assets/Saurabh Studio/Awesome Game UI and Icon pack 17/Buttons/Button 4/Add.png
  artifactKey: Guid(e9baad9b151d17745a97a1971b1d1511) Importer(815301076,1909f56bfc062723c751e8b465ee728b)
Start importing Assets/Saurabh Studio/Awesome Game UI and Icon pack 17/Buttons/Button 4/Add.png using Guid(e9baad9b151d17745a97a1971b1d1511) Importer(815301076,1909f56bfc062723c751e8b465ee728b)  -> (artifact id: 'f825bd48155d2b8f35826135eaae3ebe') in 0.020002 seconds
Number of updated asset objects reloaded before import = 0
Number of asset objects unloaded after import = 3
========================================================================
Received Import Request.
  Time since last request: 0.080172 seconds.
  path: Assets/Saurabh Studio/Awesome Game UI and Icon pack 17/Buttons/Button 1/Achivement2.png
  artifactKey: Guid(68fc25b9e397f2c4fa52125e6eff5443) Importer(815301076,1909f56bfc062723c751e8b465ee728b)
Start importing Assets/Saurabh Studio/Awesome Game UI and Icon pack 17/Buttons/Button 1/Achivement2.png using Guid(68fc25b9e397f2c4fa52125e6eff5443) Importer(815301076,1909f56bfc062723c751e8b465ee728b)  -> (artifact id: '95ea4125a761e6fca309bdf5517cf9de') in 0.019468 seconds
Number of updated asset objects reloaded before import = 0
Number of asset objects unloaded after import = 3
========================================================================
Received Import Request.
  Time since last request: 0.458803 seconds.
  path: Assets/Saurabh Studio/Awesome Game UI and Icon pack 17/Buttons/Button 4/Achivement2.png
  artifactKey: Guid(67f80c25a9dd4504883fb3308d89b4fb) Importer(815301076,1909f56bfc062723c751e8b465ee728b)
Start importing Assets/Saurabh Studio/Awesome Game UI and Icon pack 17/Buttons/Button 4/Achivement2.png using Guid(67f80c25a9dd4504883fb3308d89b4fb) Importer(815301076,1909f56bfc062723c751e8b465ee728b)  -> (artifact id: '316732e9218a28673c1bf56c4ea87323') in 0.023314 seconds
Number of updated asset objects reloaded before import = 0
Number of asset objects unloaded after import = 3
========================================================================
Received Import Request.
  Time since last request: 0.060362 seconds.
  path: Assets/Saurabh Studio/Awesome Game UI and Icon pack 17/Buttons/Button 4/Achivement.png
  artifactKey: Guid(13b55024434fa2f45ae783d82fb2c67f) Importer(815301076,1909f56bfc062723c751e8b465ee728b)
Start importing Assets/Saurabh Studio/Awesome Game UI and Icon pack 17/Buttons/Button 4/Achivement.png using Guid(13b55024434fa2f45ae783d82fb2c67f) Importer(815301076,1909f56bfc062723c751e8b465ee728b)  -> (artifact id: '6758021c109bec49be1ccd6cd757aadc') in 0.020605 seconds
Number of updated asset objects reloaded before import = 0
Number of asset objects unloaded after import = 3
========================================================================
Received Import Request.
  Time since last request: 0.055151 seconds.
  path: Assets/Saurabh Studio/Awesome Game UI and Icon pack 17/Ribbions/14.png
  artifactKey: Guid(7c31713370a130e488585d798880e8d2) Importer(815301076,1909f56bfc062723c751e8b465ee728b)
Start importing Assets/Saurabh Studio/Awesome Game UI and Icon pack 17/Ribbions/14.png using Guid(7c31713370a130e488585d798880e8d2) Importer(815301076,1909f56bfc062723c751e8b465ee728b)  -> (artifact id: '685d7d7771974c01b61d7d35cc632472') in 0.021249 seconds
Number of updated asset objects reloaded before import = 0
Number of asset objects unloaded after import = 3
========================================================================
Received Import Request.
  Time since last request: 0.032306 seconds.
  path: Assets/Saurabh Studio/Awesome Game UI and Icon pack 17/Ribbions/9.png
  artifactKey: Guid(2e4e56dfcfafb94489ea3e429e522972) Importer(815301076,1909f56bfc062723c751e8b465ee728b)
Start importing Assets/Saurabh Studio/Awesome Game UI and Icon pack 17/Ribbions/9.png using Guid(2e4e56dfcfafb94489ea3e429e522972) Importer(815301076,1909f56bfc062723c751e8b465ee728b)  -> (artifact id: '33160d5829b4455c88ce4c79186f4d03') in 0.018712 seconds
Number of updated asset objects reloaded before import = 0
Number of asset objects unloaded after import = 3
========================================================================
Received Import Request.
  Time since last request: 0.034966 seconds.
  path: Assets/Saurabh Studio/Awesome Game UI and Icon pack 17/Buttons/Rectangle/5.png
  artifactKey: Guid(9b893313b39973a4ca21e2b77106dac7) Importer(815301076,1909f56bfc062723c751e8b465ee728b)
Start importing Assets/Saurabh Studio/Awesome Game UI and Icon pack 17/Buttons/Rectangle/5.png using Guid(9b893313b39973a4ca21e2b77106dac7) Importer(815301076,1909f56bfc062723c751e8b465ee728b)  -> (artifact id: 'a9d9a06b2c94832a226b59ac14a8fba9') in 0.018762 seconds
Number of updated asset objects reloaded before import = 0
Number of asset objects unloaded after import = 3
========================================================================
Received Import Request.
  Time since last request: 0.544952 seconds.
  path: Assets/Saurabh Studio/Awesome Game UI and Icon pack 17/Header/5.png
  artifactKey: Guid(151ad70a68437164a8dc030b4de317f0) Importer(815301076,1909f56bfc062723c751e8b465ee728b)
Start importing Assets/Saurabh Studio/Awesome Game UI and Icon pack 17/Header/5.png using Guid(151ad70a68437164a8dc030b4de317f0) Importer(815301076,1909f56bfc062723c751e8b465ee728b)  -> (artifact id: 'db17a01f90849243945c48b4c60ec685') in 0.022203 seconds
Number of updated asset objects reloaded before import = 0
Number of asset objects unloaded after import = 3
========================================================================
Received Import Request.
  Time since last request: 0.063568 seconds.
  path: Assets/Saurabh Studio/Awesome Game UI and Icon pack 17/Additional/4.png
  artifactKey: Guid(3383fa37a68756c44a87cdff6234aabc) Importer(815301076,1909f56bfc062723c751e8b465ee728b)
Start importing Assets/Saurabh Studio/Awesome Game UI and Icon pack 17/Additional/4.png using Guid(3383fa37a68756c44a87cdff6234aabc) Importer(815301076,1909f56bfc062723c751e8b465ee728b)  -> (artifact id: 'dc25b30bcdf3e109829ca54568467412') in 0.020731 seconds
Number of updated asset objects reloaded before import = 0
Number of asset objects unloaded after import = 3
========================================================================
Received Import Request.
  Time since last request: 0.034424 seconds.
  path: Assets/Saurabh Studio/Awesome Game UI and Icon pack 17/Additional/3.png
  artifactKey: Guid(84c9026e116be524193a43628ab10198) Importer(815301076,1909f56bfc062723c751e8b465ee728b)
Start importing Assets/Saurabh Studio/Awesome Game UI and Icon pack 17/Additional/3.png using Guid(84c9026e116be524193a43628ab10198) Importer(815301076,1909f56bfc062723c751e8b465ee728b)  -> (artifact id: '4730cb83b2059527c3938f8a87976dc7') in 0.016526 seconds
Number of updated asset objects reloaded before import = 0
Number of asset objects unloaded after import = 3
========================================================================
Received Import Request.
  Time since last request: 0.034484 seconds.
  path: Assets/Saurabh Studio/Awesome Game UI and Icon pack 17/Additional/2.png
  artifactKey: Guid(43e0a24a4008282409d214effdefa649) Importer(815301076,1909f56bfc062723c751e8b465ee728b)
Start importing Assets/Saurabh Studio/Awesome Game UI and Icon pack 17/Additional/2.png using Guid(43e0a24a4008282409d214effdefa649) Importer(815301076,1909f56bfc062723c751e8b465ee728b)  -> (artifact id: '762bf136ddde94ec9edc723e140a7e6a') in 0.016665 seconds
Number of updated asset objects reloaded before import = 0
Number of asset objects unloaded after import = 3
========================================================================
Received Import Request.
  Time since last request: 0.000013 seconds.
  path: Assets/Saurabh Studio/Awesome Game UI and Icon pack 17/Fill/3.png
  artifactKey: Guid(d0e68cd60525ffa45bb6afaee350c967) Importer(815301076,1909f56bfc062723c751e8b465ee728b)
Start importing Assets/Saurabh Studio/Awesome Game UI and Icon pack 17/Fill/3.png using Guid(d0e68cd60525ffa45bb6afaee350c967) Importer(815301076,1909f56bfc062723c751e8b465ee728b)  -> (artifact id: 'd953539e29a11e3432792c2a3340b32d') in 0.017452 seconds
Number of updated asset objects reloaded before import = 0
Number of asset objects unloaded after import = 3
========================================================================
Received Import Request.
  Time since last request: 0.001821 seconds.
  path: Assets/Saurabh Studio/Awesome Game UI and Icon pack 17/Buttons/Rectangle/3.png
  artifactKey: Guid(2dbc7ea39440bbd4a9252417241ac6b8) Importer(815301076,1909f56bfc062723c751e8b465ee728b)
Start importing Assets/Saurabh Studio/Awesome Game UI and Icon pack 17/Buttons/Rectangle/3.png using Guid(2dbc7ea39440bbd4a9252417241ac6b8) Importer(815301076,1909f56bfc062723c751e8b465ee728b)  -> (artifact id: '2ce5e9390c95c78be4a978a352050f01') in 0.021423 seconds
Number of updated asset objects reloaded before import = 0
Number of asset objects unloaded after import = 3
========================================================================
Received Import Request.
  Time since last request: 0.026441 seconds.
  path: Assets/Saurabh Studio/Awesome Game UI and Icon pack 17/Fill/1.png
  artifactKey: Guid(3e3003f841c36aa45b6877b75964e8d4) Importer(815301076,1909f56bfc062723c751e8b465ee728b)
Start importing Assets/Saurabh Studio/Awesome Game UI and Icon pack 17/Fill/1.png using Guid(3e3003f841c36aa45b6877b75964e8d4) Importer(815301076,1909f56bfc062723c751e8b465ee728b)  -> (artifact id: 'fea890cd88a3fa2556018d44b23724a8') in 0.017488 seconds
Number of updated asset objects reloaded before import = 0
Number of asset objects unloaded after import = 3
========================================================================
Received Import Request.
  Time since last request: 0.000013 seconds.
  path: Assets/Saurabh Studio/Awesome Game UI and Icon pack 17/Props/2.png
  artifactKey: Guid(c33d00a7e18669f4dbeb51149715d12b) Importer(815301076,1909f56bfc062723c751e8b465ee728b)
Start importing Assets/Saurabh Studio/Awesome Game UI and Icon pack 17/Props/2.png using Guid(c33d00a7e18669f4dbeb51149715d12b) Importer(815301076,1909f56bfc062723c751e8b465ee728b)  -> (artifact id: 'deb5d702ec597210427d027a70cf144c') in 0.020171 seconds
Number of updated asset objects reloaded before import = 0
Number of asset objects unloaded after import = 3
========================================================================
Received Import Request.
  Time since last request: 0.000031 seconds.
  path: Assets/Saurabh Studio/Awesome Game UI and Icon pack 17/Header/2.png
  artifactKey: Guid(68bbeeb777eea0a44b02c546b6c894ce) Importer(815301076,1909f56bfc062723c751e8b465ee728b)
Start importing Assets/Saurabh Studio/Awesome Game UI and Icon pack 17/Header/2.png using Guid(68bbeeb777eea0a44b02c546b6c894ce) Importer(815301076,1909f56bfc062723c751e8b465ee728b)  -> (artifact id: '113fd29f0afd9f4be1fbe80908239251') in 0.018939 seconds
Number of updated asset objects reloaded before import = 0
Number of asset objects unloaded after import = 3
========================================================================
Received Import Request.
  Time since last request: 0.025656 seconds.
  path: Assets/Saurabh Studio/Awesome Game UI and Icon pack 17/Buttons/Rectangle/1.png
  artifactKey: Guid(d85194b8371a3e54884dc4fb8813f2ae) Importer(815301076,1909f56bfc062723c751e8b465ee728b)
Start importing Assets/Saurabh Studio/Awesome Game UI and Icon pack 17/Buttons/Rectangle/1.png using Guid(d85194b8371a3e54884dc4fb8813f2ae) Importer(815301076,1909f56bfc062723c751e8b465ee728b)  -> (artifact id: 'f07b9848a7ad1f00e240ba5eb7c2e17d') in 0.016691 seconds
Number of updated asset objects reloaded before import = 0
Number of asset objects unloaded after import = 3
========================================================================
Received Prepare
Begin MonoManager ReloadAssembly
- Loaded All Assemblies, in  0.405 seconds
Refreshing native plugins compatible for Editor in 2.26 ms, found 3 plugins.
Native extension for WindowsStandalone target not found
Native extension for Android target not found
[Package Manager] Server::EnsureServerProcessIsRunning -- launch failed, reason: Unity was launched with the -noUpm command-line argument
[Package Manager] UpmClient::Send -- Unable to send message (not connected to UPM process).
[Package Manager] Cannot connect to Unity Package Manager local server
Mono: successfully reloaded assembly
- Finished resetting the current domain, in  0.836 seconds
Domain Reload Profiling: 1240ms
	BeginReloadAssembly (151ms)
		ExecutionOrderSort (0ms)
		DisableScriptedObjects (7ms)
		BackupInstance (0ms)
		ReleaseScriptingObjects (0ms)
		CreateAndSetChildDomain (32ms)
	RebuildCommonClasses (40ms)
	RebuildNativeTypeToScriptingClass (12ms)
	initialDomainReloadingComplete (25ms)
	LoadAllAssembliesAndSetupDomain (177ms)
		LoadAssemblies (240ms)
		RebuildTransferFunctionScriptingTraits (0ms)
		AnalyzeDomain (20ms)
			TypeCache.Refresh (8ms)
				TypeCache.ScanAssembly (0ms)
			ScanForSourceGeneratedMonoScriptInfo (7ms)
			ResolveRequiredComponents (5ms)
	FinalizeReload (836ms)
		ReleaseScriptCaches (0ms)
		RebuildScriptCaches (0ms)
		SetupLoadedEditorAssemblies (466ms)
			LogAssemblyErrors (0ms)
			InitializePlatformSupportModulesInManaged (28ms)
			SetLoadedEditorAssemblies (6ms)
			RefreshPlugins (0ms)
			BeforeProcessingInitializeOnLoad (69ms)
			ProcessInitializeOnLoadAttributes (332ms)
			ProcessInitializeOnLoadMethodAttributes (25ms)
			AfterProcessingInitializeOnLoad (5ms)
			EditorAssembliesLoaded (0ms)
		ExecutionOrderSort2 (0ms)
		AwakeInstancesAfterBackupRestoration (7ms)
Refreshing native plugins compatible for Editor in 1.61 ms, found 3 plugins.
Preloading 0 native plugins for Editor in 0.00 ms.
Unloading 3135 Unused Serialized files (Serialized files now loaded: 0)
Unloading 21 unused Assets / (31.1 KB). Loaded Objects now: 3648.
Memory consumption went from 130.1 MB to 130.0 MB.
Total: 4.834300 ms (FindLiveObjects: 0.287600 ms CreateObjectMapping: 0.580600 ms MarkObjects: 3.898400 ms  DeleteObjects: 0.066000 ms)

Prepare: number of updated asset objects reloaded= 0
AssetImportParameters requested are different than current active one (requested -> active):
  custom:container-demuxer-ogg: 62fdf1f143b41e24485cea50d1cbac27 -> 
  custom:video-decoder-ogg-theora: a1e56fd34408186e4bbccfd4996cb3dc -> 
  custom:framework-win-MediaFoundation: 216162199b28c13a410421893ffa2e32 -> 
  custom:CustomObjectIndexerAttribute: 6d391050e5a25f67b0a2c618074f2cd9 -> 
  custom:container-demuxer-webm: 4f35f7cbe854078d1ac9338744f61a02 -> 
  custom:container-muxer-webm: aa71ff27fc2769a1b78a27578f13a17b -> 
  custom:video-decoder-webm-vp8: 9c59270c3fd7afecdb556c50c9e8de78 -> 
  custom:SearchIndexIgnoredProperties: e643bd26f0fe6173181afceb89e7c659 -> 
  custom:AudioImporter_EditorPlatform: d09bf68614088b80899f8185d706f6e7 -> 
  custom:video-encoder-webm-vp8: eb34c28f22e8b96e1ab97ce403110664 -> 
  custom:audio-decoder-ogg-vorbis: bf7c407c2cedff20999df2af8eb42d56 -> 
  custom:audio-encoder-webm-vorbis: bf7c407c2cedff20999df2af8eb42d56 -> 
========================================================================
Received Import Request.
  Time since last request: 74.571618 seconds.
  path: Assets/Scripts/FeedbackUIHandler.cs
  artifactKey: Guid(3fd34443462fecc42b0174666de01eb1) Importer(815301076,1909f56bfc062723c751e8b465ee728b)
Start importing Assets/Scripts/FeedbackUIHandler.cs using Guid(3fd34443462fecc42b0174666de01eb1) Importer(815301076,1909f56bfc062723c751e8b465ee728b)  -> (artifact id: '3ccb56478734fb0e9ce54a0f8f6d1bbe') in 0.004515 seconds
Number of updated asset objects reloaded before import = 0
Number of asset objects unloaded after import = 0
========================================================================
Received Prepare
Begin MonoManager ReloadAssembly
- Loaded All Assemblies, in  0.409 seconds
Refreshing native plugins compatible for Editor in 1.55 ms, found 3 plugins.
Native extension for WindowsStandalone target not found
Native extension for Android target not found
[Package Manager] Server::EnsureServerProcessIsRunning -- launch failed, reason: Unity was launched with the -noUpm command-line argument
[Package Manager] UpmClient::Send -- Unable to send message (not connected to UPM process).
[Package Manager] Cannot connect to Unity Package Manager local server
Mono: successfully reloaded assembly
- Finished resetting the current domain, in  0.831 seconds
Domain Reload Profiling: 1238ms
	BeginReloadAssembly (149ms)
		ExecutionOrderSort (0ms)
		DisableScriptedObjects (5ms)
		BackupInstance (0ms)
		ReleaseScriptingObjects (0ms)
		CreateAndSetChildDomain (33ms)
	RebuildCommonClasses (32ms)
	RebuildNativeTypeToScriptingClass (13ms)
	initialDomainReloadingComplete (33ms)
	LoadAllAssembliesAndSetupDomain (180ms)
		LoadAssemblies (241ms)
		RebuildTransferFunctionScriptingTraits (0ms)
		AnalyzeDomain (22ms)
			TypeCache.Refresh (9ms)
				TypeCache.ScanAssembly (0ms)
			ScanForSourceGeneratedMonoScriptInfo (6ms)
			ResolveRequiredComponents (5ms)
	FinalizeReload (832ms)
		ReleaseScriptCaches (0ms)
		RebuildScriptCaches (0ms)
		SetupLoadedEditorAssemblies (468ms)
			LogAssemblyErrors (0ms)
			InitializePlatformSupportModulesInManaged (32ms)
			SetLoadedEditorAssemblies (7ms)
			RefreshPlugins (0ms)
			BeforeProcessingInitializeOnLoad (76ms)
			ProcessInitializeOnLoadAttributes (319ms)
			ProcessInitializeOnLoadMethodAttributes (27ms)
			AfterProcessingInitializeOnLoad (5ms)
			EditorAssembliesLoaded (0ms)
		ExecutionOrderSort2 (0ms)
		AwakeInstancesAfterBackupRestoration (7ms)
Refreshing native plugins compatible for Editor in 1.94 ms, found 3 plugins.
Preloading 0 native plugins for Editor in 0.00 ms.
Unloading 3135 Unused Serialized files (Serialized files now loaded: 0)
Unloading 21 unused Assets / (31.1 KB). Loaded Objects now: 3651.
Memory consumption went from 132.0 MB to 132.0 MB.
Total: 2.951800 ms (FindLiveObjects: 0.338700 ms CreateObjectMapping: 0.264900 ms MarkObjects: 2.313200 ms  DeleteObjects: 0.034400 ms)

Prepare: number of updated asset objects reloaded= 0
AssetImportParameters requested are different than current active one (requested -> active):
  custom:container-demuxer-ogg: 62fdf1f143b41e24485cea50d1cbac27 -> 
  custom:video-decoder-ogg-theora: a1e56fd34408186e4bbccfd4996cb3dc -> 
  custom:framework-win-MediaFoundation: 216162199b28c13a410421893ffa2e32 -> 
  custom:CustomObjectIndexerAttribute: 6d391050e5a25f67b0a2c618074f2cd9 -> 
  custom:container-demuxer-webm: 4f35f7cbe854078d1ac9338744f61a02 -> 
  custom:container-muxer-webm: aa71ff27fc2769a1b78a27578f13a17b -> 
  custom:video-decoder-webm-vp8: 9c59270c3fd7afecdb556c50c9e8de78 -> 
  custom:SearchIndexIgnoredProperties: e643bd26f0fe6173181afceb89e7c659 -> 
  custom:AudioImporter_EditorPlatform: d09bf68614088b80899f8185d706f6e7 -> 
  custom:video-encoder-webm-vp8: eb34c28f22e8b96e1ab97ce403110664 -> 
  custom:audio-decoder-ogg-vorbis: bf7c407c2cedff20999df2af8eb42d56 -> 
  custom:audio-encoder-webm-vorbis: bf7c407c2cedff20999df2af8eb42d56 -> 
========================================================================
Received Prepare
Begin MonoManager ReloadAssembly
- Loaded All Assemblies, in  0.433 seconds
Refreshing native plugins compatible for Editor in 1.76 ms, found 3 plugins.
Native extension for WindowsStandalone target not found
Native extension for Android target not found
[Package Manager] Server::EnsureServerProcessIsRunning -- launch failed, reason: Unity was launched with the -noUpm command-line argument
[Package Manager] UpmClient::Send -- Unable to send message (not connected to UPM process).
[Package Manager] Cannot connect to Unity Package Manager local server
Mono: successfully reloaded assembly
- Finished resetting the current domain, in  0.865 seconds
Domain Reload Profiling: 1297ms
	BeginReloadAssembly (162ms)
		ExecutionOrderSort (0ms)
		DisableScriptedObjects (6ms)
		BackupInstance (0ms)
		ReleaseScriptingObjects (0ms)
		CreateAndSetChildDomain (34ms)
	RebuildCommonClasses (46ms)
	RebuildNativeTypeToScriptingClass (12ms)
	initialDomainReloadingComplete (26ms)
	LoadAllAssembliesAndSetupDomain (184ms)
		LoadAssemblies (258ms)
		RebuildTransferFunctionScriptingTraits (0ms)
		AnalyzeDomain (17ms)
			TypeCache.Refresh (9ms)
				TypeCache.ScanAssembly (0ms)
			ScanForSourceGeneratedMonoScriptInfo (0ms)
			ResolveRequiredComponents (7ms)
	FinalizeReload (866ms)
		ReleaseScriptCaches (0ms)
		RebuildScriptCaches (0ms)
		SetupLoadedEditorAssemblies (468ms)
			LogAssemblyErrors (0ms)
			InitializePlatformSupportModulesInManaged (29ms)
			SetLoadedEditorAssemblies (7ms)
			RefreshPlugins (0ms)
			BeforeProcessingInitializeOnLoad (73ms)
			ProcessInitializeOnLoadAttributes (327ms)
			ProcessInitializeOnLoadMethodAttributes (26ms)
			AfterProcessingInitializeOnLoad (6ms)
			EditorAssembliesLoaded (0ms)
		ExecutionOrderSort2 (0ms)
		AwakeInstancesAfterBackupRestoration (7ms)
Refreshing native plugins compatible for Editor in 2.44 ms, found 3 plugins.
Preloading 0 native plugins for Editor in 0.00 ms.
Unloading 3136 Unused Serialized files (Serialized files now loaded: 0)
Unloading 21 unused Assets / (31.1 KB). Loaded Objects now: 3654.
Memory consumption went from 134.2 MB to 134.1 MB.
Total: 3.142500 ms (FindLiveObjects: 0.269800 ms CreateObjectMapping: 0.314200 ms MarkObjects: 2.514400 ms  DeleteObjects: 0.042900 ms)

Prepare: number of updated asset objects reloaded= 0
AssetImportParameters requested are different than current active one (requested -> active):
  custom:container-demuxer-ogg: 62fdf1f143b41e24485cea50d1cbac27 -> 
  custom:video-decoder-ogg-theora: a1e56fd34408186e4bbccfd4996cb3dc -> 
  custom:framework-win-MediaFoundation: 216162199b28c13a410421893ffa2e32 -> 
  custom:CustomObjectIndexerAttribute: 6d391050e5a25f67b0a2c618074f2cd9 -> 
  custom:container-demuxer-webm: 4f35f7cbe854078d1ac9338744f61a02 -> 
  custom:container-muxer-webm: aa71ff27fc2769a1b78a27578f13a17b -> 
  custom:video-decoder-webm-vp8: 9c59270c3fd7afecdb556c50c9e8de78 -> 
  custom:SearchIndexIgnoredProperties: e643bd26f0fe6173181afceb89e7c659 -> 
  custom:AudioImporter_EditorPlatform: d09bf68614088b80899f8185d706f6e7 -> 
  custom:video-encoder-webm-vp8: eb34c28f22e8b96e1ab97ce403110664 -> 
  custom:audio-decoder-ogg-vorbis: bf7c407c2cedff20999df2af8eb42d56 -> 
  custom:audio-encoder-webm-vorbis: bf7c407c2cedff20999df2af8eb42d56 -> 
========================================================================
Received Import Request.
  Time since last request: 81.999090 seconds.
  path: Assets/Scripts/FeedbackUIHandler.cs
  artifactKey: Guid(3fd34443462fecc42b0174666de01eb1) Importer(815301076,1909f56bfc062723c751e8b465ee728b)
Start importing Assets/Scripts/FeedbackUIHandler.cs using Guid(3fd34443462fecc42b0174666de01eb1) Importer(815301076,1909f56bfc062723c751e8b465ee728b)  -> (artifact id: '63e1c313286b387a46cc7a67631b592f') in 0.002843 seconds
Number of updated asset objects reloaded before import = 0
Number of asset objects unloaded after import = 0
========================================================================
Received Prepare
Begin MonoManager ReloadAssembly
- Loaded All Assemblies, in  0.398 seconds
Refreshing native plugins compatible for Editor in 1.74 ms, found 3 plugins.
Native extension for WindowsStandalone target not found
Native extension for Android target not found
[Package Manager] Server::EnsureServerProcessIsRunning -- launch failed, reason: Unity was launched with the -noUpm command-line argument
[Package Manager] UpmClient::Send -- Unable to send message (not connected to UPM process).
[Package Manager] Cannot connect to Unity Package Manager local server
Mono: successfully reloaded assembly
- Finished resetting the current domain, in  0.828 seconds
Domain Reload Profiling: 1225ms
	BeginReloadAssembly (140ms)
		ExecutionOrderSort (0ms)
		DisableScriptedObjects (5ms)
		BackupInstance (0ms)
		ReleaseScriptingObjects (0ms)
		CreateAndSetChildDomain (32ms)
	RebuildCommonClasses (33ms)
	RebuildNativeTypeToScriptingClass (12ms)
	initialDomainReloadingComplete (36ms)
	LoadAllAssembliesAndSetupDomain (175ms)
		LoadAssemblies (238ms)
		RebuildTransferFunctionScriptingTraits (0ms)
		AnalyzeDomain (12ms)
			TypeCache.Refresh (6ms)
				TypeCache.ScanAssembly (0ms)
			ScanForSourceGeneratedMonoScriptInfo (0ms)
			ResolveRequiredComponents (5ms)
	FinalizeReload (828ms)
		ReleaseScriptCaches (0ms)
		RebuildScriptCaches (0ms)
		SetupLoadedEditorAssemblies (455ms)
			LogAssemblyErrors (0ms)
			InitializePlatformSupportModulesInManaged (28ms)
			SetLoadedEditorAssemblies (5ms)
			RefreshPlugins (0ms)
			BeforeProcessingInitializeOnLoad (64ms)
			ProcessInitializeOnLoadAttributes (324ms)
			ProcessInitializeOnLoadMethodAttributes (29ms)
			AfterProcessingInitializeOnLoad (5ms)
			EditorAssembliesLoaded (0ms)
		ExecutionOrderSort2 (0ms)
		AwakeInstancesAfterBackupRestoration (7ms)
Refreshing native plugins compatible for Editor in 2.21 ms, found 3 plugins.
Preloading 0 native plugins for Editor in 0.00 ms.
Unloading 3135 Unused Serialized files (Serialized files now loaded: 0)
Unloading 21 unused Assets / (31.1 KB). Loaded Objects now: 3657.
Memory consumption went from 135.9 MB to 135.8 MB.
Total: 4.427300 ms (FindLiveObjects: 0.352600 ms CreateObjectMapping: 0.390600 ms MarkObjects: 3.635100 ms  DeleteObjects: 0.047800 ms)

Prepare: number of updated asset objects reloaded= 0
AssetImportParameters requested are different than current active one (requested -> active):
  custom:container-demuxer-ogg: 62fdf1f143b41e24485cea50d1cbac27 -> 
  custom:video-decoder-ogg-theora: a1e56fd34408186e4bbccfd4996cb3dc -> 
  custom:framework-win-MediaFoundation: 216162199b28c13a410421893ffa2e32 -> 
  custom:CustomObjectIndexerAttribute: 6d391050e5a25f67b0a2c618074f2cd9 -> 
  custom:container-demuxer-webm: 4f35f7cbe854078d1ac9338744f61a02 -> 
  custom:container-muxer-webm: aa71ff27fc2769a1b78a27578f13a17b -> 
  custom:video-decoder-webm-vp8: 9c59270c3fd7afecdb556c50c9e8de78 -> 
  custom:SearchIndexIgnoredProperties: e643bd26f0fe6173181afceb89e7c659 -> 
  custom:AudioImporter_EditorPlatform: d09bf68614088b80899f8185d706f6e7 -> 
  custom:video-encoder-webm-vp8: eb34c28f22e8b96e1ab97ce403110664 -> 
  custom:audio-decoder-ogg-vorbis: bf7c407c2cedff20999df2af8eb42d56 -> 
  custom:audio-encoder-webm-vorbis: bf7c407c2cedff20999df2af8eb42d56 -> 
========================================================================
Received Prepare
Begin MonoManager ReloadAssembly
- Loaded All Assemblies, in  0.405 seconds
Refreshing native plugins compatible for Editor in 2.20 ms, found 3 plugins.
Native extension for WindowsStandalone target not found
Native extension for Android target not found
[Package Manager] Server::EnsureServerProcessIsRunning -- launch failed, reason: Unity was launched with the -noUpm command-line argument
[Package Manager] UpmClient::Send -- Unable to send message (not connected to UPM process).
[Package Manager] Cannot connect to Unity Package Manager local server
Mono: successfully reloaded assembly
- Finished resetting the current domain, in  0.753 seconds
Domain Reload Profiling: 1156ms
	BeginReloadAssembly (145ms)
		ExecutionOrderSort (0ms)
		DisableScriptedObjects (5ms)
		BackupInstance (0ms)
		ReleaseScriptingObjects (0ms)
		CreateAndSetChildDomain (30ms)
	RebuildCommonClasses (42ms)
	RebuildNativeTypeToScriptingClass (11ms)
	initialDomainReloadingComplete (25ms)
	LoadAllAssembliesAndSetupDomain (180ms)
		LoadAssemblies (236ms)
		RebuildTransferFunctionScriptingTraits (0ms)
		AnalyzeDomain (26ms)
			TypeCache.Refresh (12ms)
				TypeCache.ScanAssembly (0ms)
			ScanForSourceGeneratedMonoScriptInfo (8ms)
			ResolveRequiredComponents (4ms)
	FinalizeReload (753ms)
		ReleaseScriptCaches (0ms)
		RebuildScriptCaches (0ms)
		SetupLoadedEditorAssemblies (406ms)
			LogAssemblyErrors (0ms)
			InitializePlatformSupportModulesInManaged (23ms)
			SetLoadedEditorAssemblies (5ms)
			RefreshPlugins (0ms)
			BeforeProcessingInitializeOnLoad (58ms)
			ProcessInitializeOnLoadAttributes (294ms)
			ProcessInitializeOnLoadMethodAttributes (21ms)
			AfterProcessingInitializeOnLoad (4ms)
			EditorAssembliesLoaded (0ms)
		ExecutionOrderSort2 (0ms)
		AwakeInstancesAfterBackupRestoration (6ms)
Refreshing native plugins compatible for Editor in 1.55 ms, found 3 plugins.
Preloading 0 native plugins for Editor in 0.00 ms.
Unloading 3136 Unused Serialized files (Serialized files now loaded: 0)
Unloading 21 unused Assets / (31.1 KB). Loaded Objects now: 3660.
Memory consumption went from 138.1 MB to 138.0 MB.
Total: 2.571000 ms (FindLiveObjects: 0.241100 ms CreateObjectMapping: 0.183300 ms MarkObjects: 2.096900 ms  DeleteObjects: 0.049100 ms)

Prepare: number of updated asset objects reloaded= 0
AssetImportParameters requested are different than current active one (requested -> active):
  custom:container-demuxer-ogg: 62fdf1f143b41e24485cea50d1cbac27 -> 
  custom:video-decoder-ogg-theora: a1e56fd34408186e4bbccfd4996cb3dc -> 
  custom:framework-win-MediaFoundation: 216162199b28c13a410421893ffa2e32 -> 
  custom:CustomObjectIndexerAttribute: 6d391050e5a25f67b0a2c618074f2cd9 -> 
  custom:container-demuxer-webm: 4f35f7cbe854078d1ac9338744f61a02 -> 
  custom:container-muxer-webm: aa71ff27fc2769a1b78a27578f13a17b -> 
  custom:video-decoder-webm-vp8: 9c59270c3fd7afecdb556c50c9e8de78 -> 
  custom:SearchIndexIgnoredProperties: e643bd26f0fe6173181afceb89e7c659 -> 
  custom:AudioImporter_EditorPlatform: d09bf68614088b80899f8185d706f6e7 -> 
  custom:video-encoder-webm-vp8: eb34c28f22e8b96e1ab97ce403110664 -> 
  custom:audio-decoder-ogg-vorbis: bf7c407c2cedff20999df2af8eb42d56 -> 
  custom:audio-encoder-webm-vorbis: bf7c407c2cedff20999df2af8eb42d56 -> 
========================================================================
Received Prepare
Begin MonoManager ReloadAssembly
- Loaded All Assemblies, in  0.381 seconds
Refreshing native plugins compatible for Editor in 2.35 ms, found 3 plugins.
Native extension for WindowsStandalone target not found
Native extension for Android target not found
[Package Manager] Server::EnsureServerProcessIsRunning -- launch failed, reason: Unity was launched with the -noUpm command-line argument
[Package Manager] UpmClient::Send -- Unable to send message (not connected to UPM process).
[Package Manager] Cannot connect to Unity Package Manager local server
Mono: successfully reloaded assembly
- Finished resetting the current domain, in  0.788 seconds
Domain Reload Profiling: 1168ms
	BeginReloadAssembly (140ms)
		ExecutionOrderSort (0ms)
		DisableScriptedObjects (8ms)
		BackupInstance (0ms)
		ReleaseScriptingObjects (0ms)
		CreateAndSetChildDomain (30ms)
	RebuildCommonClasses (34ms)
	RebuildNativeTypeToScriptingClass (11ms)
	initialDomainReloadingComplete (25ms)
	LoadAllAssembliesAndSetupDomain (169ms)
		LoadAssemblies (226ms)
		RebuildTransferFunctionScriptingTraits (0ms)
		AnalyzeDomain (17ms)
			TypeCache.Refresh (8ms)
				TypeCache.ScanAssembly (0ms)
			ScanForSourceGeneratedMonoScriptInfo (0ms)
			ResolveRequiredComponents (7ms)
	FinalizeReload (788ms)
		ReleaseScriptCaches (0ms)
		RebuildScriptCaches (0ms)
		SetupLoadedEditorAssemblies (419ms)
			LogAssemblyErrors (0ms)
			InitializePlatformSupportModulesInManaged (22ms)
			SetLoadedEditorAssemblies (4ms)
			RefreshPlugins (0ms)
			BeforeProcessingInitializeOnLoad (57ms)
			ProcessInitializeOnLoadAttributes (301ms)
			ProcessInitializeOnLoadMethodAttributes (29ms)
			AfterProcessingInitializeOnLoad (6ms)
			EditorAssembliesLoaded (0ms)
		ExecutionOrderSort2 (0ms)
		AwakeInstancesAfterBackupRestoration (10ms)
Refreshing native plugins compatible for Editor in 1.66 ms, found 3 plugins.
Preloading 0 native plugins for Editor in 0.00 ms.
Unloading 3136 Unused Serialized files (Serialized files now loaded: 0)
Unloading 21 unused Assets / (31.1 KB). Loaded Objects now: 3663.
Memory consumption went from 140.0 MB to 140.0 MB.
Total: 3.750800 ms (FindLiveObjects: 0.276200 ms CreateObjectMapping: 0.310900 ms MarkObjects: 3.103900 ms  DeleteObjects: 0.058600 ms)

Prepare: number of updated asset objects reloaded= 0
AssetImportParameters requested are different than current active one (requested -> active):
  custom:container-demuxer-ogg: 62fdf1f143b41e24485cea50d1cbac27 -> 
  custom:video-decoder-ogg-theora: a1e56fd34408186e4bbccfd4996cb3dc -> 
  custom:framework-win-MediaFoundation: 216162199b28c13a410421893ffa2e32 -> 
  custom:CustomObjectIndexerAttribute: 6d391050e5a25f67b0a2c618074f2cd9 -> 
  custom:container-demuxer-webm: 4f35f7cbe854078d1ac9338744f61a02 -> 
  custom:container-muxer-webm: aa71ff27fc2769a1b78a27578f13a17b -> 
  custom:video-decoder-webm-vp8: 9c59270c3fd7afecdb556c50c9e8de78 -> 
  custom:SearchIndexIgnoredProperties: e643bd26f0fe6173181afceb89e7c659 -> 
  custom:AudioImporter_EditorPlatform: d09bf68614088b80899f8185d706f6e7 -> 
  custom:video-encoder-webm-vp8: eb34c28f22e8b96e1ab97ce403110664 -> 
  custom:audio-decoder-ogg-vorbis: bf7c407c2cedff20999df2af8eb42d56 -> 
  custom:audio-encoder-webm-vorbis: bf7c407c2cedff20999df2af8eb42d56 -> 
========================================================================
Received Prepare
Begin MonoManager ReloadAssembly
- Loaded All Assemblies, in  0.390 seconds
Refreshing native plugins compatible for Editor in 1.66 ms, found 3 plugins.
Native extension for WindowsStandalone target not found
Native extension for Android target not found
[Package Manager] Server::EnsureServerProcessIsRunning -- launch failed, reason: Unity was launched with the -noUpm command-line argument
[Package Manager] UpmClient::Send -- Unable to send message (not connected to UPM process).
[Package Manager] Cannot connect to Unity Package Manager local server
Mono: successfully reloaded assembly
- Finished resetting the current domain, in  0.818 seconds
Domain Reload Profiling: 1206ms
	BeginReloadAssembly (144ms)
		ExecutionOrderSort (0ms)
		DisableScriptedObjects (6ms)
		BackupInstance (0ms)
		ReleaseScriptingObjects (0ms)
		CreateAndSetChildDomain (32ms)
	RebuildCommonClasses (38ms)
	RebuildNativeTypeToScriptingClass (11ms)
	initialDomainReloadingComplete (25ms)
	LoadAllAssembliesAndSetupDomain (170ms)
		LoadAssemblies (234ms)
		RebuildTransferFunctionScriptingTraits (0ms)
		AnalyzeDomain (13ms)
			TypeCache.Refresh (6ms)
				TypeCache.ScanAssembly (0ms)
			ScanForSourceGeneratedMonoScriptInfo (0ms)
			ResolveRequiredComponents (5ms)
	FinalizeReload (818ms)
		ReleaseScriptCaches (0ms)
		RebuildScriptCaches (0ms)
		SetupLoadedEditorAssemblies (441ms)
			LogAssemblyErrors (0ms)
			InitializePlatformSupportModulesInManaged (24ms)
			SetLoadedEditorAssemblies (5ms)
			RefreshPlugins (0ms)
			BeforeProcessingInitializeOnLoad (61ms)
			ProcessInitializeOnLoadAttributes (319ms)
			ProcessInitializeOnLoadMethodAttributes (25ms)
			AfterProcessingInitializeOnLoad (6ms)
			EditorAssembliesLoaded (0ms)
		ExecutionOrderSort2 (0ms)
		AwakeInstancesAfterBackupRestoration (7ms)
Refreshing native plugins compatible for Editor in 1.82 ms, found 3 plugins.
Preloading 0 native plugins for Editor in 0.00 ms.
Unloading 3136 Unused Serialized files (Serialized files now loaded: 0)
Unloading 21 unused Assets / (31.1 KB). Loaded Objects now: 3666.
Memory consumption went from 141.9 MB to 141.9 MB.
Total: 3.198800 ms (FindLiveObjects: 0.284600 ms CreateObjectMapping: 0.282400 ms MarkObjects: 2.586800 ms  DeleteObjects: 0.044000 ms)

Prepare: number of updated asset objects reloaded= 0
AssetImportParameters requested are different than current active one (requested -> active):
  custom:container-demuxer-ogg: 62fdf1f143b41e24485cea50d1cbac27 -> 
  custom:video-decoder-ogg-theora: a1e56fd34408186e4bbccfd4996cb3dc -> 
  custom:framework-win-MediaFoundation: 216162199b28c13a410421893ffa2e32 -> 
  custom:CustomObjectIndexerAttribute: 6d391050e5a25f67b0a2c618074f2cd9 -> 
  custom:container-demuxer-webm: 4f35f7cbe854078d1ac9338744f61a02 -> 
  custom:container-muxer-webm: aa71ff27fc2769a1b78a27578f13a17b -> 
  custom:video-decoder-webm-vp8: 9c59270c3fd7afecdb556c50c9e8de78 -> 
  custom:SearchIndexIgnoredProperties: e643bd26f0fe6173181afceb89e7c659 -> 
  custom:AudioImporter_EditorPlatform: d09bf68614088b80899f8185d706f6e7 -> 
  custom:video-encoder-webm-vp8: eb34c28f22e8b96e1ab97ce403110664 -> 
  custom:audio-decoder-ogg-vorbis: bf7c407c2cedff20999df2af8eb42d56 -> 
  custom:audio-encoder-webm-vorbis: bf7c407c2cedff20999df2af8eb42d56 -> 
========================================================================
Received Prepare
Begin MonoManager ReloadAssembly
- Loaded All Assemblies, in  0.443 seconds
Refreshing native plugins compatible for Editor in 1.80 ms, found 3 plugins.
Native extension for WindowsStandalone target not found
Native extension for Android target not found
[Package Manager] Server::EnsureServerProcessIsRunning -- launch failed, reason: Unity was launched with the -noUpm command-line argument
[Package Manager] UpmClient::Send -- Unable to send message (not connected to UPM process).
[Package Manager] Cannot connect to Unity Package Manager local server
Mono: successfully reloaded assembly
- Finished resetting the current domain, in  0.798 seconds
Domain Reload Profiling: 1240ms
	BeginReloadAssembly (162ms)
		ExecutionOrderSort (0ms)
		DisableScriptedObjects (8ms)
		BackupInstance (0ms)
		ReleaseScriptingObjects (0ms)
		CreateAndSetChildDomain (38ms)
	RebuildCommonClasses (54ms)
	RebuildNativeTypeToScriptingClass (12ms)
	initialDomainReloadingComplete (30ms)
	LoadAllAssembliesAndSetupDomain (183ms)
		LoadAssemblies (241ms)
		RebuildTransferFunctionScriptingTraits (0ms)
		AnalyzeDomain (26ms)
			TypeCache.Refresh (11ms)
				TypeCache.ScanAssembly (0ms)
			ScanForSourceGeneratedMonoScriptInfo (9ms)
			ResolveRequiredComponents (5ms)
	FinalizeReload (798ms)
		ReleaseScriptCaches (0ms)
		RebuildScriptCaches (0ms)
		SetupLoadedEditorAssemblies (411ms)
			LogAssemblyErrors (0ms)
			InitializePlatformSupportModulesInManaged (31ms)
			SetLoadedEditorAssemblies (7ms)
			RefreshPlugins (0ms)
			BeforeProcessingInitializeOnLoad (72ms)
			ProcessInitializeOnLoadAttributes (277ms)
			ProcessInitializeOnLoadMethodAttributes (20ms)
			AfterProcessingInitializeOnLoad (5ms)
			EditorAssembliesLoaded (0ms)
		ExecutionOrderSort2 (0ms)
		AwakeInstancesAfterBackupRestoration (6ms)
Refreshing native plugins compatible for Editor in 1.54 ms, found 3 plugins.
Preloading 0 native plugins for Editor in 0.00 ms.
Unloading 3136 Unused Serialized files (Serialized files now loaded: 0)
Unloading 21 unused Assets / (31.1 KB). Loaded Objects now: 3669.
Memory consumption went from 143.8 MB to 143.8 MB.
Total: 4.215900 ms (FindLiveObjects: 0.246600 ms CreateObjectMapping: 0.222900 ms MarkObjects: 3.704600 ms  DeleteObjects: 0.040800 ms)

Prepare: number of updated asset objects reloaded= 0
AssetImportParameters requested are different than current active one (requested -> active):
  custom:container-demuxer-ogg: 62fdf1f143b41e24485cea50d1cbac27 -> 
  custom:video-decoder-ogg-theora: a1e56fd34408186e4bbccfd4996cb3dc -> 
  custom:framework-win-MediaFoundation: 216162199b28c13a410421893ffa2e32 -> 
  custom:CustomObjectIndexerAttribute: 6d391050e5a25f67b0a2c618074f2cd9 -> 
  custom:container-demuxer-webm: 4f35f7cbe854078d1ac9338744f61a02 -> 
  custom:container-muxer-webm: aa71ff27fc2769a1b78a27578f13a17b -> 
  custom:video-decoder-webm-vp8: 9c59270c3fd7afecdb556c50c9e8de78 -> 
  custom:SearchIndexIgnoredProperties: e643bd26f0fe6173181afceb89e7c659 -> 
  custom:AudioImporter_EditorPlatform: d09bf68614088b80899f8185d706f6e7 -> 
  custom:video-encoder-webm-vp8: eb34c28f22e8b96e1ab97ce403110664 -> 
  custom:audio-decoder-ogg-vorbis: bf7c407c2cedff20999df2af8eb42d56 -> 
  custom:audio-encoder-webm-vorbis: bf7c407c2cedff20999df2af8eb42d56 -> 
========================================================================
Received Prepare
Begin MonoManager ReloadAssembly
- Loaded All Assemblies, in  0.403 seconds
Refreshing native plugins compatible for Editor in 1.65 ms, found 3 plugins.
Native extension for WindowsStandalone target not found
Native extension for Android target not found
[Package Manager] Server::EnsureServerProcessIsRunning -- launch failed, reason: Unity was launched with the -noUpm command-line argument
[Package Manager] UpmClient::Send -- Unable to send message (not connected to UPM process).
[Package Manager] Cannot connect to Unity Package Manager local server
Mono: successfully reloaded assembly
- Finished resetting the current domain, in  0.916 seconds
Domain Reload Profiling: 1317ms
	BeginReloadAssembly (148ms)
		ExecutionOrderSort (0ms)
		DisableScriptedObjects (5ms)
		BackupInstance (0ms)
		ReleaseScriptingObjects (0ms)
		CreateAndSetChildDomain (34ms)
	RebuildCommonClasses (37ms)
	RebuildNativeTypeToScriptingClass (16ms)
	initialDomainReloadingComplete (27ms)
	LoadAllAssembliesAndSetupDomain (173ms)
		LoadAssemblies (236ms)
		RebuildTransferFunctionScriptingTraits (0ms)
		AnalyzeDomain (13ms)
			TypeCache.Refresh (6ms)
				TypeCache.ScanAssembly (0ms)
			ScanForSourceGeneratedMonoScriptInfo (0ms)
			ResolveRequiredComponents (5ms)
	FinalizeReload (916ms)
		ReleaseScriptCaches (0ms)
		RebuildScriptCaches (0ms)
		SetupLoadedEditorAssemblies (503ms)
			LogAssemblyErrors (0ms)
			InitializePlatformSupportModulesInManaged (30ms)
			SetLoadedEditorAssemblies (7ms)
			RefreshPlugins (0ms)
			BeforeProcessingInitializeOnLoad (73ms)
			ProcessInitializeOnLoadAttributes (359ms)
			ProcessInitializeOnLoadMethodAttributes (27ms)
			AfterProcessingInitializeOnLoad (7ms)
			EditorAssembliesLoaded (0ms)
		ExecutionOrderSort2 (0ms)
		AwakeInstancesAfterBackupRestoration (8ms)
Refreshing native plugins compatible for Editor in 2.13 ms, found 3 plugins.
Preloading 0 native plugins for Editor in 0.00 ms.
Unloading 3136 Unused Serialized files (Serialized files now loaded: 0)
Unloading 21 unused Assets / (31.1 KB). Loaded Objects now: 3672.
Memory consumption went from 145.7 MB to 145.7 MB.
Total: 2.931200 ms (FindLiveObjects: 0.309000 ms CreateObjectMapping: 0.312300 ms MarkObjects: 2.244400 ms  DeleteObjects: 0.064800 ms)

Prepare: number of updated asset objects reloaded= 0
AssetImportParameters requested are different than current active one (requested -> active):
  custom:container-demuxer-ogg: 62fdf1f143b41e24485cea50d1cbac27 -> 
  custom:video-decoder-ogg-theora: a1e56fd34408186e4bbccfd4996cb3dc -> 
  custom:framework-win-MediaFoundation: 216162199b28c13a410421893ffa2e32 -> 
  custom:CustomObjectIndexerAttribute: 6d391050e5a25f67b0a2c618074f2cd9 -> 
  custom:container-demuxer-webm: 4f35f7cbe854078d1ac9338744f61a02 -> 
  custom:container-muxer-webm: aa71ff27fc2769a1b78a27578f13a17b -> 
  custom:video-decoder-webm-vp8: 9c59270c3fd7afecdb556c50c9e8de78 -> 
  custom:SearchIndexIgnoredProperties: e643bd26f0fe6173181afceb89e7c659 -> 
  custom:AudioImporter_EditorPlatform: d09bf68614088b80899f8185d706f6e7 -> 
  custom:video-encoder-webm-vp8: eb34c28f22e8b96e1ab97ce403110664 -> 
  custom:audio-decoder-ogg-vorbis: bf7c407c2cedff20999df2af8eb42d56 -> 
  custom:audio-encoder-webm-vorbis: bf7c407c2cedff20999df2af8eb42d56 -> 
